{"timestamp": "2025-09-21T13:15:11.641165+00:00", "city": "Kyiv", "country_code": "UA", "state": null, "url": null}
{"timestamp": "2025-09-21T13:19:31.223761+00:00", "city": "Kyiv", "country_code": "UA", "state": null, "url": null}
{"timestamp": "2025-09-21T15:04:39.024986+00:00", "city": "London", "country_code": "CA", "state": "Ontario", "url": "/home/kpovnych/src/weather-service/data/London_CA_Ontario_20250921_150439.json"}
{"timestamp": "2025-09-21T15:04:39.025171+00:00", "city": "London", "country_code": "GB", "state": "England", "url": "/home/kpovnych/src/weather-service/data/London_GB_England_20250921_150439.json"}
{"timestamp": "2025-09-21T15:04:39.025196+00:00", "city": "London", "country_code": "US", "state": "Kentucky", "url": "/home/kpovnych/src/weather-service/data/London_US_Kentucky_20250921_150439.json"}
{"timestamp": "2025-09-21T15:05:05.864505+00:00", "city": "London", "country_code": "US", "state": "Arkansas", "url": "/home/kpovnych/src/weather-service/data/London_US_Arkansas_20250921_150505.json"}
{"timestamp": "2025-09-21T15:05:05.864357+00:00", "city": "London", "country_code": "US", "state": "Kentucky", "url": "/home/kpovnych/src/weather-service/data/London_US_Kentucky_20250921_150505.json"}
{"timestamp": "2025-09-21T15:05:05.864529+00:00", "city": "London", "country_code": "US", "state": "Ohio", "url": "/home/kpovnych/src/weather-service/data/London_US_Ohio_20250921_150505.json"}
{"timestamp": "2025-09-21T15:05:05.865553+00:00", "city": "London", "country_code": "US", "state": "California", "url": "/home/kpovnych/src/weather-service/data/London_US_California_20250921_150505.json"}
{"timestamp": "2025-09-21T15:05:05.865660+00:00", "city": "London", "country_code": "US", "state": "West Virginia", "url": "/home/kpovnych/src/weather-service/data/London_US_West Virginia_20250921_150505.json"}
{"timestamp": "2025-09-21T15:05:59.259347+00:00", "city": "London", "country_code": "US", "state": "Kentucky", "url": "/home/kpovnych/src/weather-service/data/London_US_Kentucky_20250921_150559.json"}
{"timestamp": "2025-09-21T15:05:59.260294+00:00", "city": "London", "country_code": "US", "state": "Arkansas", "url": "/home/kpovnych/src/weather-service/data/London_US_Arkansas_20250921_150559.json"}
{"timestamp": "2025-09-21T15:05:59.259568+00:00", "city": "London", "country_code": "US", "state": "Ohio", "url": "/home/kpovnych/src/weather-service/data/London_US_Ohio_20250921_150559.json"}
{"timestamp": "2025-09-21T15:05:59.260093+00:00", "city": "London", "country_code": "US", "state": "California", "url": "/home/kpovnych/src/weather-service/data/London_US_California_20250921_150559.json"}
{"timestamp": "2025-09-21T15:05:59.260925+00:00", "city": "London", "country_code": "US", "state": "West Virginia", "url": "/home/kpovnych/src/weather-service/data/London_US_West Virginia_20250921_150559.json"}
{"timestamp": "2025-09-21T15:06:09.375425+00:00", "city": "London", "country_code": "CA", "state": "Ontario", "url": "/home/kpovnych/src/weather-service/data/London_CA_Ontario_20250921_150609.json"}
{"timestamp": "2025-09-21T15:06:09.376110+00:00", "city": "London", "country_code": "US", "state": "Kentucky", "url": "/home/kpovnych/src/weather-service/data/London_US_Kentucky_20250921_150609.json"}
{"timestamp": "2025-09-21T15:06:09.376188+00:00", "city": "London", "country_code": "GB", "state": "England", "url": "/home/kpovnych/src/weather-service/data/London_GB_England_20250921_150609.json"}
{"timestamp": "2025-09-21T15:06:28.790287+00:00", "city": "London", "country_code": "GB", "state": "England", "url": "/home/kpovnych/src/weather-service/data/London_GB_England_20250921_150628.json"}
{"timestamp": "2025-09-22T05:50:26.030407+00:00", "city": "London", "country_code": "GB", "state": "England", "url": "/home/kpovnych/src/weather-service/data/London_GB_England_20250922_055026.json"}
{"timestamp": "2025-09-22T05:50:28.226773+00:00", "city": "London", "country_code": "GB", "state": "England", "url": "/home/kpovnych/src/weather-service/data/London_GB_England_20250922_055028.json"}
{"timestamp": "2025-09-22T06:02:35.912312+00:00", "city": "London", "country_code": "GB", "state": "England", "url": "/home/kpovnych/src/weather-service/data/London_GB_England_20250922_060235.json"}
{"timestamp": "2025-09-22T06:02:35.913368+00:00", "city": "London", "country_code": "US", "state": "Kentucky", "url": "/home/kpovnych/src/weather-service/data/London_US_Kentucky_20250922_060235.json"}
{"timestamp": "2025-09-22T06:02:35.913316+00:00", "city": "London", "country_code": "CA", "state": "Ontario", "url": "/home/kpovnych/src/weather-service/data/London_CA_Ontario_20250922_060235.json"}
